[    0.000000] Initializing cgroup subsys cpuset
[    0.000000] Initializing cgroup subsys cpu
[    0.000000] Initializing cgroup subsys cpuacct
[    0.000000] Linux version 4.4.0-62-generic (buildd@lcy01-30) (gcc version 5.4.0 20160609 (Ubuntu 5.4.0-6ubuntu1~16.04.4) ) #83-Ubuntu SMP Wed Jan 18 14:10:15 UTC 2017 (Ubuntu 4.4.0-62.83-generic 4.4.40)
[    0.000000] Command line: BOOT_IMAGE=/boot/vmlinuz-4.4.0-62-generic root=LABEL=cloudimg-rootfs ro console=tty1 console=ttyS0
[    0.000000] KERNEL supported cpus:
[    0.000000]   Intel nuineIntel
[    0.000000]   AMD AuthenticAMD
[    0.000000]   Centaur CentaurHauls
[    0.000000] ------------[ cut here ]------------
[    0.000000] WARNING: CPU: 0 PID: 0 at /build/linux-W6HB68/linux-4.4.0/arch/x86/kernel/fpu/xstate.c:517 fpu__init_system_xstate+0x38b/0x75a()
[    0.000000] XSAVE consistency problem, dumping leaves
[    0.000000] Modules linked in:
[    0.000000] CPU: 0 PID: 0 Comm: swapper Not tainted 4.4.0-62-generic #83-Ubuntu
[    0.000000]  0000000000000086 f007c70b010f1589 ffffffff81e03d80 ffffffff813f7c63
[    0.000000]  ffffffff81e03dc8 ffffffff81ca5ee0 ffffffff81e03db8 ffffffff810812d2
[    0.000000]  ffffffff81e03e48 ffffffff81e03e4c 0000000000000008 0000000000000100
[    0.000000] Call Trace:
[    0.000000]  [<ffffffff813f7c63>] dump_stack+0x63/0x90
[    0.000000]  [<ffffffff810812d2>] warn_slowpath_common+0x82/0xc0
[    0.000000]  [<ffffffff8108136c>] warn_slowpath_fmt+0x5c/0x80
[    0.000000]  [<ffffffff8107cfa0>] ? xfeature_size+0x59/0x77
[    0.000000]  [<ffffffff81f6cee4>] fpu__init_system_xstate+0x38b/0x75a
[    0.000000]  [<ffffffff81f5c120>] ? early_idt_handler_array+0x120/0x120
[    0.000000]  [<ffffffff81f6c84f>] fpu__init_system+0x10d/0x245
[    0.000000]  [<ffffffff81f6d958>] early_cpu_init+0x139/0x13e
[    0.000000]  [<ffffffff81f6d958>] ? early_cpu_init+0x139/0x13e
[    0.000000]  [<ffffffff81f68e32>] setup_arch+0xb4/0xd1e
[    0.000000]  [<ffffffff81f5c120>] ? early_idt_handler_array+0x120/0x120
[    0.000000]  [<ffffffff81f5cc74>] start_kernel+0xe4/0x4a2
[    0.000000]  [<ffffffff81f5c120>] ? early_idt_handler_array+0x120/0x120
[    0.000000]  [<ffffffff81f5c339>] x86_64_start_reservations+0x2a/0x2c
[    0.000000]  [<ffffffff81f5c485>] x86_64_start_kernel+0x14a/0x16d
[    0.000000] ---[ end trace 4d5ff9f2f68c4233 ]---
[    0.000000] CPUID[0d, 00]: eax=00000007 ebx=00000440 ecx=00000440 edx=00000000
[    0.000000] CPUID[0d, 01]: eax=00000000 ebx=000003c0 ecx=00000000 edx=00000000
[    0.000000] CPUID[0d, 02]: eax=00000100 ebx=00000240 ecx=00000000 edx=00000000
[    0.000000] CPUID[0d, 03]: eax=00000000 ebx=00000000 ecx=00000000 edx=00000000
[    0.000000] CPUID[0d, 04]: eax=00000000 ebx=00000000 ecx=00000000 edx=00000000
[    0.000000] CPUID[0d, 05]: eax=00000000 ebx=00000000 ecx=00000000 edx=00000000
[    0.000000] CPUID[0d, 06]: eax=00000000 ebx=00000000 ecx=00000000 edx=00000000
[    0.000000] CPUID[0d, 07]: eax=00000000 ebx=00000000 ecx=00000000 edx=00000000
[    0.000000] CPUID[0d, 08]: eax=00000000 ebx=00000000 ecx=00000000 edx=00000000
[    0.000000] CPUID[0d, 09]: eax=00000000 ebx=00000000 ecx=00000000 edx=00000000
[    0.000000] CPUID[0d, 0a]: eax=00000000 ebx=00000000 ecx=00000000 edx=00000000
[    0.000000] CPUID[0d, 0b]: eax=00000000 ebx=00000000 ecx=00000000 edx=00000000
[    0.000000] CPUID[0d, 0c]: eax=00000000 ebx=00000000 ecx=00000000 edx=00000000
[    0.000000] CPUID[0d, 0d]: eax=00000000 ebx=00000000 ecx=00000000 edx=00000000
[    0.000000] CPUID[0d, 0e]: eax=00000000 ebx=00000000 ecx=00000000 edx=00000000
[    0.000000] CPUID[0d, 0f]: eax=00000000 ebx=00000000 ecx=00000000 edx=00000000
[    0.000000] CPUID[0d, 10]: eax=00000000 ebx=00000000 ecx=00000000 edx=00000000
[    0.000000] CPUID[0d, 11]: eax=00000000 ebx=00000000 ecx=00000000 edx=00000000
[    0.000000] x86/fpu: xstate_offset[2]:  576, xstate_sizes[2]:  256
[    0.000000] x86/fpu: Supporting XSAVE feature 0x01: 'x87 floating point registers'
[    0.000000] x86/fpu: Supporting XSAVE feature 0x02: 'SSE registers'
[    0.000000] x86/fpu: Supporting XSAVE feature 0x04: 'AVX registers'
[    0.000000] x86/fpu: Enabled xstate features 0x7, context size is 1088 bytes, using 'standard' format.
[    0.000000] x86/fpu: Using 'lazy' FPU context switches.
[    0.000000] e820: BIOS-provided physical RAM map:
[    0.000000] BIOS-e820: [mem 0x0000000000000000-0x000000000009fbff] usable
[    0.000000] BIOS-e820: [mem 0x000000000009fc00-0x000000000009ffff] reserved
[    0.000000] BIOS-e820: [mem 0x00000000000f0000-0x00000000000fffff] reserved
[    0.000000] BIOS-e820: [mem 0x0000000000100000-0x000000003ffeffff] usable
[    0.000000] BIOS-e820: [mem 0x000000003fff0000-0x000000003fffffff] ACPI data
[    0.000000] BIOS-e820: [mem 0x00000000fec00000-0x00000000fec00fff] reserved
[    0.000000] BIOS-e820: [mem 0x00000000fee00000-0x00000000fee00fff] reserved
[    0.000000] BIOS-e820: [mem 0x00000000fffc0000-0x00000000ffffffff] reserved
[    0.000000] NX (Execute Disable) protection: active
[    0.000000] SMBIOS 2.5 present.
[    0.000000] Hypervisor detected: KVM
[    0.000000] e820: last_pfn = 0x3fff0 max_arch_pfn = 0x400000000
[    0.000000] MTRR: Disabled
[    0.000000] x86/PAT: MTRRs disabled, skipping PAT initialization too.
[    0.000000] x86/PAT: Configuration [0-7]: WB  WT  UC- UC  WB  WT  UC- UC  
[    0.000000] CPU MTRRs all blank - virtualized system.
[    0.000000] found SMP MP-table at [mem 0x0009fff0-0x0009ffff] mapped at [ffff88000009fff0]
[    0.000000] Scanning 1 areas for low memory corruption
[    0.000000] RAMDISK: [mem 0x36b5a000-0x375a4fff]
[    0.000000] ACPI: Early table checksum verification disabled
[    0.000000] ACPI: RSDP 0x00000000000E0000 000024 (v02 VBOX  )
[    0.000000] ACPI: XSDT 0x000000003FFF0030 00003C (v01 VBOX   VBOXXSDT 00000001 ASL  00000061)
[    0.000000] ACPI: FACP 0x000000003FFF00F0 0000F4 (v04 VBOX   VBOXFACP 00000001 ASL  00000061)
[    0.000000] ACPI: DSDT 0x000000003FFF0470 00210F (v01 VBOX   VBOXBIOS 00000002 INTL 20100528)
[    0.000000] ACPI: FACS 0x000000003FFF0200 000040
[    0.000000] ACPI: FACS 0x000000003FFF0200 000040
[    0.000000] ACPI: APIC 0x000000003FFF0240 00005C (v02 VBOX   VBOXAPIC 00000001 ASL  00000061)
[    0.000000] ACPI: SSDT 0x000000003FFF02A0 0001CC (v01 VBOX   VBOXCPUT 00000002 INTL 20100528)
[    0.000000] No NUMA configuration found
[    0.000000] Faking a node at [mem 0x0000000000000000-0x000000003ffeffff]
[    0.000000] NODE_DATA(0) allocated [mem 0x3ffeb000-0x3ffeffff]
[    0.000000] kvm-clock: Using msrs 4b564d01 and 4b564d00
[    0.000000] kvm-clock: cpu 0, msr 0:3ffe3001, primary cpu clock
[    0.000000] kvm-clock: using sched offset of 3690482320 cycles
[    0.000000] clocksource: kvm-clock: mask: 0xffffffffffffffff max_cycles: 0x1cd42e4dffb, max_idle_ns: 881590591483 ns
[    0.000000] Zone ranges:
[    0.000000]   DMA      [mem 0x0000000000001000-0x0000000000ffffff]
[    0.000000]   DMA32    [mem 0x0000000001000000-0x000000003ffeffff]
[    0.000000]   Normal   empty
[    0.000000]   Device   empty
[    0.000000] Movable zone start for each node
[    0.000000] Early memory node ranges
[    0.000000]   node   0: [mem 0x0000000000001000-0x000000000009efff]
[    0.000000]   node   0: [mem 0x0000000000100000-0x000000003ffeffff]
[    0.000000] Initmem setup node 0 [mem 0x0000000000001000-0x000000003ffeffff]
[    0.000000] ACPI: PM-Timer IO Port: 0x4008
[    0.000000] IOAPIC[0]: apic_id 2, version 32, address 0xfec00000, GSI 0-23
[    0.000000] ACPI: INT_SRC_OVR (bus 0 bus_irq 0 global_irq 2 dfl dfl)
[    0.000000] ACPI: INT_SRC_OVR (bus 0 bus_irq 9 global_irq 9 high level)
[    0.000000] Using ACPI (MADT) for SMP configuration information
[    0.000000] smpboot: Allowing 2 CPUs, 0 hotplug CPUs
[    0.000000] PM: Registered nosave memory: [mem 0x00000000-0x00000fff]
[    0.000000] PM: Registered nosave memory: [mem 0x0009f000-0x0009ffff]
[    0.000000] PM: Registered nosave memory: [mem 0x000a0000-0x000effff]
[    0.000000] PM: Registered nosave memory: [mem 0x000f0000-0x000fffff]
[    0.000000] e820: [mem 0x40000000-0xfebfffff] available for PCI devices
[    0.000000] Booting paravirtualized kernel on KVM
[    0.000000] clocksource: refined-jiffies: mask: 0xffffffff max_cycles: 0xffffffff, max_idle_ns: 7645519600211568 ns
[    0.000000] setup_percpu: NR_CPUS:512 nr_cpumask_bits:512 nr_cpu_ids:2 nr_node_ids:1
[    0.000000] PERCPU: Embedded 33 pages/cpu @ffff88003fc00000 s98264 r8192 d28712 u1048576
[    0.000000] PV qspinlock hash table entries: 256 (order: 0, 4096 bytes)
[    0.000000] Built 1 zonelists in Node order, mobility grouping on.  Total pages: 257913
[    0.000000] Policy zone: DMA32
[    0.000000] Kernel command line: BOOT_IMAGE=/boot/vmlinuz-4.4.0-62-generic root=LABEL=cloudimg-rootfs ro console=tty1 console=ttyS0
[    0.000000] PID hash table entries: 4096 (order: 3, 32768 bytes)
[    0.000000] Memory: 1002040K/1048120K available (8436K kernel code, 1291K rwdata, 3960K rodata, 1488K init, 1316K bss, 46080K reserved, 0K cma-reserved)
[    0.000000] SLUB: HWalign=64, Order=0-3, MinObjects=0, CPUs=2, Nodes=1
[    0.000000] Hierarchical RCU implementation.
[    0.000000] 	Build-time adjustment of leaf fanout to 64.
[    0.000000] 	RCU restricting CPUs from NR_CPUS=512 to nr_cpu_ids=2.
[    0.000000] RCU: Adjusting geometry for rcu_fanout_leaf=64, nr_cpu_ids=2
[    0.000000] NR_IRQS:33024 nr_irqs:440 16
[    0.000000] Console: colour VGA+ 80x25
[    0.000000] console [tty1] enabled
[    0.000000] console [ttyS0] enabled
[    0.000000] tsc: Detected 2496.000 MHz processor
[   11.011178] Calibrating delay loop (skipped) preset value.. 4992.00 BogoMIPS (lpj=9984000)
[   11.054103] pid_max: default: 32768 minimum: 301
[   11.105195] ACPI: Core revision 20150930
[   11.147758] ACPI: 2 ACPI AML tables successfully acquired and loaded
[   11.190745] Security Framework initialized
[   11.212650] Yama: becoming mindful.
[   11.219188] AppArmor: AppArmor initialized
[   11.248333] Dentry cache hash table entries: 131072 (order: 8, 1048576 bytes)
[   11.282610] Inode-cache hash table entries: 65536 (order: 7, 524288 bytes)
[   11.308187] Mount-cache hash table entries: 2048 (order: 2, 16384 bytes)
[   11.393843] Mountpoint-cache hash table entries: 2048 (order: 2, 16384 bytes)
[   11.432401] Initializing cgroup subys io
[   11.518801] Initializing cgroup subsys memory
[   11.572879] Initializing cgroup subsys devices
[   11.646298] Initializing cgroup subsys freezer
[   11.721727] Initializing cgroup subsys net_cls
[   11.797890] Initializing cgroup subsys perf_event
[   11.815679] Initializing cgroup subsys net_prio
[   11.829265] Initializing cgroup subsys hugetlb
[   11.850801] Initializing cgroup subsys pids
[   11.857335] CPU: Physical Processor ID: 0
[   11.911427] CPU: Processor Core ID: 0
[   11.949352] mce: CPU supports 0 MCE banks
[   11.985345] Last level iTLB entries: 4KB 64, 2MB 8, 4MB 8
[   12.068071] Last level dTLB entries: 4KB 64, 2MB 0, 4MB 0, 1GB 4
[   12.111013] Freeing SMP alternatives memory: 32K (ffffffff820b8000 - ffffffff820c0000)
[   12.146705] ftrace: allocating 32065 entries in 126 pages
[   12.269192] smpboot: APIC(0) Converting physical 0 to logical package 0
[   12.341830] smpboot: Max logical packages: 1
[   12.381134] x2apic enabled
[   12.403892] Switched APIC routing to physical x2apic.
[   12.440441] ..TIMER: vector=0x30 apic1=0 pin1=2 apic2=-1 pin2=-1
[   12.553128] smpboot: CPU0: Intel(R) Core(TM) i5-6300U CPU @ 2.40GHz (family: 0x6, model: 0x4e, stepping: 0x3)
[   12.706867] Performance Events: unsupported p6 CPU model 78 no PMU driver, software events only.
[   12.843474] KVM setup paravirtual spinlock
[   12.874606] x86: Booting SMP configuration:
[   12.924254] .... node  #0, CPUs:      #1
[   12.943276] kvm-clock: cpu 1, msr 0:3ffe3041, secondary cpu clock
[   13.000501] mce: CPU supports 0 MCE banks
[   13.033030] x86: Booted up 1 node, 2 CPUs
[   13.082823] smpboot: Total of 2 processors activated (9984.00 BogoMIPS)
[   13.160063] devtmpfs: initialized
[   13.209736] evm: security.selinux
[   13.239621] evm: security.SMACK64
[   13.289524] evm: security.SMACK64EXEC
[   13.323973] evm: security.SMACK64TRANSMUTE
[   13.367249] evm: security.SMACK64MMAP
[   13.421643] evm: security.ima
[   13.479670] evm: security.capability
[   13.491024] clocksource: jiffies: mask: 0xffffffff max_cycles: 0xffffffff, max_idle_ns: 7645041785100000 ns
[   13.614927] pinctrl core: initialized pinctrl subsystem
[   13.661097] RTC time:  9:27:50, date: 02/15/17
[   13.713858] NET: Registered protocol family 16
[   13.795424] cpuidle: using governor ladder
[   13.880078] cpuidle: using governor menu
[   13.938076] PCCT header not found.
[   13.954522] ACPI: bus type PCI registered
[   13.998787] acpiphp: ACPI Hot Plug PCI Controller Driver version: 0.5
[   14.029030] PCI: Using configuration type 1 for base access
[   14.081446] ACPI: Added _OSI(Module Device)
[   14.122300] ACPI: Added _OSI(Processor Device)
[   14.172383] ACPI: Added _OSI(3.0 _SCP Extensions)
[   14.222240] ACPI: Added _OSI(Processor Aggregator Device)
[   14.262474] ACPI: Executed 1 blocks of module-level executable AML code
[   14.307424] ACPI: Interpreter enabled
[   14.375227] ACPI: (supports S0 S5)
[   14.434942] ACPI: Using IOAPIC for interrupt routing
[   14.515670] PCI: Using host bridge windows from ACPI; if necessary, use "pci=nocrs" and report a bug
[   14.666190] ACPI: PCI Root Bridge [PCI0] (domain 0000 [bus 00-ff])
[   14.780126] acpi PNP0A03:00: _OSC: OS supports [ASPM ClockPM Segments MSI]
[   14.912288] acpi PNP0A03:00: _OSC failed (AE_NOT_FOUND); disabling ASPM
[   15.019183] acpi PNP0A03:00: fail to add MMCONFIG information, can't access extended PCI configuration space under this bridge.
[   15.096940] PCI host bridge to bus 0000:00
[   15.111002] pci_bus 0000:00: root bus resource [io  0x0000-0x0cf7 window]
[   15.135425] pci_bus 0000:00: root bus resource [io  0x0d00-0xffff window]
[   15.246457] pci_bus 0000:00: root bus resource [mem 0x000a0000-0x000bffff window]
[   15.394365] pci_bus 0000:00: root bus resource [mem 0x40000000-0xffdfffff window]
[   15.471605] pci_bus 0000:00: root bus resource [bus 00-ff]
[   15.540265] pci 0000:00:01.1: legacy IDE quirk: reg 0x10: [io  0x01f0-0x01f7]
[   15.581795] pci 0000:00:01.1: legacy IDE quirk: reg 0x14: [io  0x03f6]
[   15.681188] pci 0000:00:01.1: legacy IDE quirk: reg 0x18: [io  0x0170-0x0177]
[   15.826190] pci 0000:00:01.1: legacy IDE quirk: reg 0x1c: [io  0x0376]
[   15.957476] pci 0000:00:07.0: quirk: [io  0x4000-0x403f] claimed by PIIX4 ACPI
[   15.981288] pci 0000:00:07.0: quirk: [io  0x4100-0x410f] claimed by PIIX4 SMB
[   15.993568] ACPI: PCI Interrupt Link [LNKA] (IRQs 5 9 10 *11)
[   16.081819] ACPI: PCI Interrupt Link [LNKB] (IRQs 5 9 10 *11)
[   16.132161] ACPI: PCI Interrupt Link [LNKC] (IRQs 5 9 *10 11)
[   16.160691] ACPI: PCI Interrupt Link [LNKD] (IRQs 5 *9 10 11)
[   16.199547] ACPI: Enabled 2 GPEs in block 00 to 07
[   16.252450] vgaarb: setting as boot device: PCI:0000:00:02.0
[   16.348113] vgaarb: device added: PCI:0000:00:02.0,decodes=io+mem,owns=io+mem,locks=none
[   16.515017] vgaarb: loaded
[   16.557835] vgaarb: bridge control possible 0000:00:02.0
[   16.611707] SCSI subsystem initialized
[   16.686623] ACPI: bus type USB registered
[   16.745844] usbcore: registered new interface driver usbfs
[   16.828311] usbcore: registered new interface driver hub
[   16.895927] usbcore: registerd new device driver usb
[   17.011944] PCI: Using ACPI for IRQ routing
[   17.068421] NetLabel: Initializing
[   17.124113] NetLabel:  domain hash size = 128
[   17.141005] NetLabel:  protocols = UNLABELED CIPSOv4
[   17.146079] NetLabel:  unlabeled traffic allowed by default
[   17.174507] amd_nb: Cannot enumerate AMD northbridges
[   17.220712] clocksource: Switched to clocksource kvm-clock
[   17.245287] AppArmor: AppArmor Filesystem Enabled
[   17.300385] pnp: PnP ACPI init
[   17.369933] pnp: PnP ACPI: found 3 devices
[   17.480548] clocksource: acpi_pm: mask: 0xffffff max_cycles: 0xffffff, max_idle_ns: 2085701024 ns
[   17.643058] NET: Registered protocol family 2
[   17.743915] TCP established hash table entries: 8192 (order: 4, 65536 bytes)
[   17.906412] TCP bind hash table entries: 8192 (order: 5, 131072 bytes)
[   18.067134] TCP: Hash tables configured (established 8192 bind 8192)
[   18.241538] UDP hash table entries: 512 (order: 2, 16384 bytes)
[   18.293998 UDP-Lite hash table entries: 512 (order: 2, 16384 bytes)
[   18.459309] NET: Registered protocol family 1
[   18.546935] pci 0000:00:00.0: Limiting direct PCI/PCI transfers
[   18.670782] pci 0000:00:01.0: Activating ISA DMA hang workarounds
[   18.798992] Trying to unpack rootfs image as initramfs...
[   20.826142] Freeing initrd memory: 10540K (ffff880036b5a000 - ffff8800375a5000)
[   20.878303] platform rtc_cmos: registered platform RTC device (no PNP device found)
[   20.890843] Scanning for low memory corruption every 60 seconds
[   20.959572] futex hash table entries: 512 (order: 3, 32768 bytes)
[   21.047050] audit: initializing netlink subsys (disabled)
[   21.071073] audit: type=2000 audit(1487150866.135:1): initialized
[   21.176897] Initialise system trusted keyring
[   21.238740] HugeTLB registered 2 MB page size, pre-allocated 0 pages
[   21.280404] zbud: loaded
[   21.300945] VFS: Disk quotas dquot_6.6.0
[   21.408198] VFS: Dquot-cache hash table entries: 512 (order 0, 4096 bytes)
[   21.525632] squashfs: version 4.0 (2009/01/31) Phillip Lougher
[   21.546267] fuse init (API version 7.23)
[   21.569706] Key type big_key registered
[   21.591890] Allocating IMA MOK and blacklist keyrings.
[   21.611268] Key type asymmetric registered
[   21.627561] Asymmetric key parser 'x509' registered
[   21.708078] Block layer SCSI generic (bsg) driver version 0.4 loaded (major 249)
[   21.849918] io scheduler noop registered
[   21.967287] tsc: Refined TSC clocksource calibration: 2496.807 MHz
[   22.139129] clocksource: tsc: mask: 0xffffffffffffffff max_cycles: 0x23fd715c838, max_idle_ns: 440795280482 ns
[   22.139178] io scheduler deadline registered (default)
[   22.139249] io scheduler cfq registered
[   22.139373] pci_hotplug: PCI Hot Plug PCI Core version: 0.5
[   22.139378] pciehp: PCI Express Hot Plug Controller Driver version: 0.4
[   22.139574] ACPI: AC Adapter [AC] (on-line)
[   22.139645] input: Power Button as /devices/LNXSYSTM:00/LNXPWRBN:00/input/input0
[   22.139653] ACPI: Power Button [PWRF]
[   22.139742] inpu:: Sleep Button as /devices/LNXSYSTM:00/LNXSLPBN:00/input/input1
[   22.139744] ACPI: Sleep Button [SLPF]
[   22.139953] GHES: HEST is not enabled!
[   22.182393] ACPI: Battery Slot [BAT0] (battery present)
[   22.182502] Serial: 8250/16550 driver, 32 ports, IRQ sharing enabled
[   22.211425] 00:02: ttyS0 at I/O 0x3f8 (irq = 4, base_baud = 115200) is a 16550A
[   22.304394] Linux agpgart interface v0.103
[   22.311122] brd: module loaded
[   22.311972] loop: module loaded
[   22.312537] scsi host0: ata_piix
[   22.312650] scsi host1: ata_piix
[   22.312686] ata1: PATA max UDMA/33 cmd 0x1f0 ctl 0x3f6 bmdma 0xd000 irq 14
[   22.312687] ata2: PATA max UDMA/33 cmd 0x170 ctl 0x376 bmdma 0xd008 irq 15
[   22.312785] libphy: Fixed MDIO Bus: probed
[   22.312789] tun: Universal TUN/TAP device driver, 1.6
[   22.312789] tun: (C) 1999-2004 Max Krasnyansky <maxk@qualcomm.com>
[   22.313163] PPP generic driver version 2.4.2
[   22.313247] ehci_hcd: USB 2.0 'Enhanced' Host Controller (EHCI) Driver
[   22.313252] ehci-pci: EHCI PCI platform driver
[   22.313268] ehci-platform: EHCI generic platform driver
[   22.313277] ohci_hcd: USB 1.1 'Open' Host Controller (OHCI) Driver
[   22.313281] ohci-pci: OHCI PCI platform driver
[   22.313291] ohci-platform: OHCI generic platform driver
[   22.313299] uhci_hcd: USB Universal Host Controller Interface driver
[   22.313357] i8042: PNP: PS/2 Controller [PNP0303:PS2K,PNP0f03:PS2M] at 0x60,0x64 irq 1,12
[   22.313860] serio: i8042 KBD port at 0x60,0x64 irq 1
[   22.313864] serio: i8042 AUX port at 0x60,0x64 irq 12
[   22.313999] mousedev: PS/2 mouse device common for all mice
[   22.314299] input: AT Translated Set 2 keyboard as /devices/platform/i8042/serio0/input/input2
[   22.314697] rtc_cmos rtc_cmos: rtc core: registered rtc_cmos as rtc0
[   22.314755] rtc_cmos rtc_cmos: alarms up to one day, 114 bytes nvram
[   22.314761] i2c /dev entries driver
[   22.314816] device-mapper: uevent: version 1.0.3
[   22.314872] device-mapper: ioctl: 4.34.0-ioctl (2015-10-28) initialised: dm-devel@redhat.com
[   22.314887] ledtrig-cpu: registered to indicate activity on CPUs
[   22.315188] NET: Reistered protocol family 10
[   22.315332] NET: Registered protocol family 17
[   22.315345] Key type dns_resolver registered
[   22.315479] microcode: CPU0 sig=0x406e3, pf=0x2, revision=0x0
[   22.337542] microcode: CPU1 sig=0x406e3, pf=0x2, revision=0x0
[   22.337599] microcode: Microcode Update Driver: v2.01 <tigran@aivazian.fsnet.co.uk>, Peter Oruba
[   22.337738] registered taskstats version 1
[   22.337754] Loading compiled-in X.509 certificates
[   22.338327] Loaded X.509 cert 'Build time autogenerated kernel key: a630254739635d6fdc487c9f0afa5d9a0ff04f04'
[   22.338346] zswap: loaded using pool lzo/zbud
[   22.339974] Key type trusted registered
[   22.342801] Key type encrypted registered
[   22.342809] AppArmor: AppArmor sha1 policy hashing enabled
[   22.342812] ima: No TPM chip found, activating TPM-bypass!
[   22.342833] evm: HMAC attrs: 0x1
[   22.343085]   Magic number: 5:979:474
[   22.383567] rtc_cmos rtc_cmos: setting system clock to 2017-02-15 09:27:59 UTC (1487150879)
[   22.383667] BIOS EDD facility v0.16 2004-Jun-25, 0 devices found
[   22.383668] EDD information not available.
[   25.067792] Freeing unused kernel memory: 1488K (ffffffff81f44000 - ffffffff820b8000)
[   25.303804] Write protecting the kernel read-only data: 14336k
[   25.437764] Freeing unused kernel memory: 1792K (ffff880001840000 - ffff880001a00000)
[   25.605229] Freeing unused kernel memory: 136K (ffff880001dde000 - ffff880001e00000)
Loading, please [   25.743502] random: systemd-udevd: uninitialized urandom read (16 bytes read, 7 bits of entropy available)
wait...
startin[   25.744285] random: udevadm: uninitialized urandom read (16 bytes read, 7 bits of entropy available)
g version 229
[   25.744316] random: udevadm: uninitialized urandom read (16 bytes read, 7 bits of entropy available)
[   25.744413] random: udevadm: uninitialized urandom read (16 bytes read, 7 bits of entropy available)
[   25.744448] random: udevadm: uninitialized urandom read (16 bytes read, 7 bits of entropy available)
[   25.744483] random: udevadm: uninitialized urandom read (16 bytes read, 7 bits of entropy available)
[   25.744522] random: udevadm: uninitialized urandom read (16 bytes read, 7 bits of entropy available)
[   25.744555] random: udevadm: uninitialized urandom read (16 bytes read, 7 bits of entropy available)
[   25.744589] random: udevadm: uninitialized urandom read (16 bytes read, 7 bits of entropy available)
[   25.744622] random: udevadm: uninitialized urandom read (16 bytes read, 7 bits of entropy available)
[   26.947181] e1000: Intel(R) PRO/1000 Network Driver - version 7.3.21-k8-NAPI
[   27.026533] e1000: Copyright (c) 1999-2006 Intel Corporation.
[   27.136739] Fusion MPT base driver 3.04.20
[   27.185928] Copyright (c) 1999-2008 LSI Corporation
[   27.194162] AVX version of gcm_enc/dec engaged.
[   27.228608] AES CTR mode by8 optimization enabled
[   27.230337] Fusion MPT SPI Host driver 3.04.20
[   27.334138] input: ImExPS/2 Generic Explorer Mouse as /devices/platform/i8042/serio1/input/input4
[   27.543832] e1000 0000:00:03.0 eth0: (PCI:33MHz:32-bit) 02:e4:5b:1a:6e:ce
[   27.580230] e1000 0000:00:03.0 eth0: Intel(R) PRO/1000 Network Connection
[   27.591484] mptbase: ioc0: Initiating bringup
[   27.620380] e1000 0000:00:03.0 enp0s3: renamed from eth0
[   27.680899] ioc0: LSI53C1030 A0: Capabilities={Initiator}
[   27.949544] scsi host2: ioc0: LSI53C1030 A0, FwRev=00000000h, Ports=1, MaxQ=256, IRQ=20
[   28.118328] scsi 2:0:0:0: Direct-Access     VBOX     HARDDISK         1.0  PQ: 0 ANSI: 5
[   28.310525] scsi target2:0:0: Beginning Domain Validation
[   28.437662] scsi target2:0:0: Domain Validation skipping write tests
[   28.577013] scsi target2:0:0: Ending Domain Validation
[   28.692858] scsi target2:0:0: asynchronous
[   28.809837] scsi 2:0:1:0: Direct-Access     VBOX     HARDDISK         1.0  PQ: 0 ANSI: 5
[   28.998990] scsi target2:0:1: Beginning Domain Validation
[   29.112184] scsi target2:0:1: Domain Validation skipping write tests
[   29.125688] scsi target2:0:1: Ending Domain Validation
[   29.139407] scsi target2:0:1: asynchronous
[   29.153269] sd 2:0:0:0: [sda] 20971520 512-byte logical blocks: (10.7 GB/10.0 GiB)
[   29.260447] sd 2:0:0:0: Attached scsi generic sg0 type 0
[   29.348700] sd 2:0:0:0: [sda] Write Protect is off
[   29.349497] sd 2:0:1:0: [sdb] 20480 512-byte logical blocks: (10.5 MB/10.0 MiB)
[   29.349547] sd 2:0:1:0: Attached scsi generic sg1 type 0
[   29.349916] sd 2:0:1:0: [sdb] Write Protect is off
[   29.350244] sd 2:0:1:0: [sdb] Incomplete mode parameter data
[   29.350245] sd 2:0:1:0: [sdb] Assuming drive cache: write through
[   29.355494] sd 2:0:1:0: [sdb] Attached SCSI disk
[   30.084285] sd 2:0:0:0: [sda] Incomplete mode parameter data
[   30.169053] floppy0: no floppy controllers found
[   30.169095] work still pending
[   30.186525] sd 2:0:0:0: [sda] Assuming drive cache: write through
[   30.224098]  sda: sda1
[   30.233700] sd 2:0:0:0: [sda] Attached SCSI disk
Begin: Loading e[   31.624245] md: linear personality registered for level -1
ssential drivers ... [   31.669059] md: multipath personality registered for level -4
[   31.683217] md: raid0 personality registered for level 0
[   31.732992] md: raid1 personality registered for level 1
[   31.916857] raid6: sse2x1   gen()  8025 MB/s
[   32.008825] raid6: sse2x1   xor()  5030 MB/s
[   32.152786] raid6: sse2x2   gen()  9461 MB/s
[   32.301434] raid6: sse2x2   xor()  6771 MB/s
[   32.432783] raid6: sse2x4   gen()  9513 MB/s
[   32.565009] raid6: sse2x4   xor()  7445 MB/s
[   32.655095] raid6: using algorithm sse2x4 gen() 9513 MB/s
[   32.687795] raid6: .... xor() 7445 MB/s, rmw enabled
[   32.689316] raid6: using ssse3x2 recovery algorithm
[   32.796652] xor: automatically using best checksumming function:
[   32.960790]    avx       : 16534.000 MB/sec
[   33.025481] async_tx: api initialized (async)
[   33.107625] md: raid6 personality registered for level 6
[   33.223253] md: raid5 personality registered for level 5
[   33.357809] md: raid4 personality registered for level 4
[   33.444611] md: raid10 personality registered for level 10
done.
Begin: Running /scripts/init-pre[   33.511307] Btrfs loaded
mount ... done.
Begin: Mounting root file system ... Begin: Running /scripts/local-top ... done[   33.649391] EXT4-fs (sda1): mounted filesystem with ordered data mode. Opts: (null)
.
Begin: Running /scripts/local-premount ... Scanning for Btrfs filesystems
done.
Warning: fsck not present, so skipping root file system
done.
Begin: Running /scripts/local-bottom ... done.
Begin: Running /scripts/init-bottom ... done.
[   34.025729] systemd[1]: systemd 229 running in system mode. (+PAM +AUDIT +SELINUX +IMA +APPARMOR +SMACK +SYSVINIT +UTMP +LIBCRYPTSETUP +GCRYPT +GNUTLS +ACL +XZ -LZ4 +SECCOMP +BLKID +ELFUTILS +KMOD -IDN)
[   34.413384] systemd[1]: Detected virtualization oracle.
[   34.514026] systemd[1]: Detected architecture x86-64.

Welcome to [1mUbuntu 16.04.2 LTS[0m!

[   34.613965] systemd[1]: Set hostname to <ubuntu>.
[   34.734670] systemd[1]: Initializing machine ID from random generator.
[   34.748013] systemd[1]: Installed transient /etc/machine-id file.
[   35.032322] systemd[1]: Reached target Encrypted Volumes.
[[0;32m  OK  [0m] Reached target Encrypted Volumes.
[   35.229567] systemd[1]: Listening on LVM2 poll daemon socket.
[[0;32m  OK  [0m] Listening on LVM2 poll daemon socket.
[   35.310330] systemd[1]: Listening on Journal Audit Socket.
[[0;32m  OK  [0m] Listening on Journal Audit Socket.
[   35.429045] systemd[1]: Reached target Swap.
[[0;32m  OK  [0m] Reached target Swap.
[   35.545896] systemd[1]: Started Forward Password Requests to Wall Directory Watch.
[[0;32m  OK  [0m] Started Forward Password Requests to Wall Directory Watch.
[   35.641104] systemd[1]: Listening on udev Kernel Socket.
[[0;32m  OK  [0m] Listening on udev Kernel Socket.
[   35.698052] systemd[1]: Created slice System Slice.
[[0;32m  OK  [0m] Created slice System Slice.
[   35.790370] systemd[1]: Listening on /dev/initctl Compatibility Named Pipe.
[[0;32m  OK  [0m] Listening on /dev/initctl Compatibility Named Pipe.
[   36.117129] systemd[1]: Listening on Journal Socket.
[[0;32m  OK  [0m] Listening on Journal Socket.
[   36.342204] systemd[1]: Starting Uncomplicated firewall...
         Starting Uncomplicated [   36.368956] random: nonblocking pool is initialized
firewall...
[   36.497571] systemd[1]: Mounting POSIX Message Queue File System...
         Mounting POSIX Message Queue File System...
[   36.705196] systemd[1]: Mounting Huge Pages File System...
         Mounting Huge Pages File System...
[   36.745528] systemd[1]: Created slice system-serial\x2dgetty.slice.
[[0;32m  OK  [0m] Created slice system-serial\x2dgetty.slice.
[   36.813535] systemd[1]: Starting Nameserver information manager...
         Starting Nameserver information manager...
[   37.013959] systemd[1]: Listening on udev Control Socket.
[[0;32m  OK  [0m] Listening on udev Control Socket.
[   37.261488] systemd[1]: Starting Remount Root and Kernel File Systems...
[   37.302083] EXT4-fs (sda1): re-mounted. Opts: (null)
         Starting Remount Root and Kernel File Systems...
[   37.501536] systemd[1]: Mounting Debug File System...
         Mounting Debug File System...
[   37.666082] systemd[1]: Created slice User and Session Slice.
[[0;32m  OK  [0m] Created slice User and Session Slice.
[   37.817458] systemd[1]: Listening on Syslog Socket.
[[0;32m  OK  [0m] Listening on Syslog Socket.
[   37.867989] systemd[1]: Reached target User and Group Name Lookups.
[[0;32m  OK  [0m] Reached target User and Group Name Lookups.
[   38.021117] systemd[1]: Starting Load Kernel Modules...
[   38.043712] Loading iSCSI transport class v2.0-870.
         Startin[   38.159267] iscsi: registered transport (tcp)
g Load Kernel Modules...
[   38.276578] iscsi: registered transport (iser)
[   38.383955] systemd[1]: Listening on Journal Socket (/dev/log).
[[0;32m  OK  [0m] Listening on Journal Socket (/dev/log).
[   38.561572] systemd[1]: Starting Journal Service...
         Starting Journal Service...
[   38.637194] systemd[1]: Starting Create list of required static device nodes for the current kernel...
         Starting Create list of required st... nodes for the current kernel...
[   38.856732] systemd[1]: Listening on LVM2 metadata daemon socket.
[[0;32m  OK  [0m] Listening on LVM2 metadata daemon socket.
[   38.937498] systemd[1]: Listening on Device-mapper event daemon FIFOs.
[[0;32m  OK  [0m] Listening on Device-mapper event daemon FIFOs.
[   39.045703] systemd[1]: Starting Monitoring of LVM2 mirrors, snapshots etc. using dmeventd or progress polling...
         Starting Monitoring of LVM2 mirrors... dmeventd or progress polling...
[   39.195301] systemd[1]: Reached target Slices.
[[0;32m  OK  [0m] Reached target Slices.
[   39.381634] systemd[1]: Set up automount Arbitrary Executable File Formats File System Automount Point.
[[0;32m  OK  [0m] Set up automount Arbitrary Executab...ats File System Automount Point.
[   39.809451] systemd[1]: Starting Set console keymap...
         Starting Set console keymap...
[   39.958655] systemd[1]: Mounted POSIX Message Queue File System.
[[0;32m  OK  [0m] Mounted POSIX Message Queue File System.
[   40.022198] systemd[1]: Mounted Debug File System.
[[0;32m  OK  [0m] Mounted Debug File System.
[   40.076968 systemd[1]: Mounted Huge Pages File System.
[[0;32m  OK  [0m] Mounted Huge Pages File System.
[   40.302601] systemd[1]: Started Journal Service.
[[0;32m  OK  [0m] Started Journal Service.
[[0;32m  OK  [0m] Started Uncomplicated firewall.
[[0;32m  OK  [0m] Started Remount Root and Kernel File Systems.
[[0;32m  OK  [0m] Started Load Kernel Modules.
[[0;32m  OK  [0m] Started Create list of required sta...ce nodes for the current kernel.
[[0;32m  OK  [0m] Started Set console keymap.
[[0;32m  OK  [0m] Started Nameserver information manager.
[[0;32m  OK  [0m] Started LVM2 metadata daemon.
         Starting Create Static Device Nodes in /dev...
         Starting Apply Kernel Variables...
         Mounting FUSE Control File System...
         Starting Load/Save Random Seed...
         Starting Initial cloud-init job (pre-networking)...
         Starting udev Coldplug all Devices...
         Starting Flush Journal to Persistent Storage...
[[0;32m  OK  [0m] Mounted FUSE Control File System.
[[0;32m  OK  [0m] Started Monitoring of LVM2 mirrors,...ng dmeventd or progress polling.
[[0;32m  OK  [0m] Started Create Static Device Nodes in /dev.
[[0;32m  OK  [0m] Started Apply Kernel Variables.
[[0;32m  OK  [0m] Started Load/Save Random Seed.
[[0;32m  OK  [0m] Started udev Coldplug all Devices.
[[0;32m  OK  [0m] Started Flush Journal to Persistent Storage.
         Starting udev Kernel Device Manager...
[[0;32m  OK  [0m] Started udev Kernel Device Manager.
[[0;32m  OK  [0m] Reached target Local File Systems (Pre).
[[0;32m  OK  [0m] Reached target Local File Systems.
         Starting Create Volatile Files and Directories...
         Starting Tell Plymouth To Write Out Runtime Data...
         Starting Set console font and keymap...
         Starting LSB: AppArmor initialization...
         Starting Commit a transient machine-id on disk...
[[0;32m  OK  [0m] Started Dispatch Password Requests to Console Directory Watch.
[[0;32m  OK  [0m] Started Create Volatile Files and Directories.
[[0;32m  OK  [0m] Started Tell Plymouth To Write Out Runtime Data.
[[0;32m  OK  [0m] Started Commit a transient machine-id on disk.
[[0;32m  OK  [0m] Found device /dev/ttyS0.
         Starting Update UTMP about System Boot/Shutdown...
[[0;32m  OK  [0m] Reached target System Time Synchronized.
[[0;32m  OK  [0m] Started Update UTMP about System Boot/Shutdown.
[[0;32m  OK  [0m] Listening on Load/Save RF Kill Switch Status /dev/rfkill Watch.
[   26.636366] cloud-init[481]: Cloud-init v. 0.7.8 running 'init-local' at Wed, 15 Feb 2017 09:28:19 +0000. Up 25.96 seconds.
[[0;32m  OK  [0m] Started Initial cloud-init job (pre-networking).
[[0;32m  OK  [0m] Started LSB: AppArmor initialization.
[[0;32m  OK  [0m] Reached target Network (Pre).
         Starting Raise network interfaces...
[[0;32m  OK  [0m] Started Set console font and keymap.
[[0;32m  OK  [0m] Created slice system-getty.slice.
[[0;32m  OK  [0m] Started Raise network interfaces.
[[0;32m  OK  [0m] Reached target Network.
         Starting Initial cloud-init job (metadata service crawler)...
[   30.188329] cloud-init[1038]: Cloud-init v. 0.7.8 running 'init' at Wed, 15 Feb 2017 09:28:23 +0000. Up 29.38 seconds.
[   30.314084] cloud-init[1038]: ci-info: +++++++++++++++++++++++++++++++++++++Net device info++++++++++++++++++++++++++++++++++++++
[[0;32m  OK  [0m] [   30.315223] Started Initial cloud-init job (metadata service crawler).cloud-init
[1038]: ci-info: +--------+------+----------------------------+---------------+-------+-------------------+
[   30.745065] cloud-init[1038]: ci-info: | Device |  Up  |          Address           |      Mask     | Scope |     Hw-Address    |
[   30.745736] cloud-init[1038]: ci-info: +--------+------+----------------------------+---------------+-------+-------------------+
[[0;32m  OK  [0m] Reached target System Initialization.
[[   30.746125] cloud-init[1038]: ci-info: | enp0s3 | True |         10.0.2.15          | 255.255.255.0 |   .   | 02:e4:5b:1a:6e:ce |
[   31.133261] cloud-init[1038]: ci-info: | enp0s3 | True | fe80::e4:5bff:fe1a:6ece/64 |       .       |  link | 02:e4:5b:1a:6e:ce |
[0;32m  OK  [0m] Started Daily Cleanup of Temporary Directories.
[   31.133528] cloud-init[1038]: ci-info: |   lo   | True |         127.0.0.1          |   255.0.0.0   |   .   |         .         |
[   31.668857] cloud-init[1038]: ci-info: |   lo   | True |          ::1/128           |       .       |  host |         .         |
[   31.669193] cloud-init[1038]: ci-info: +--------+------+----------------------------+---------------+-------+-------------------+
[[0;32m  OK  [0m] Started ACPI Events Check.
[   31.669535] cloud-init[1038]: ci-info: +++++++++++++++++++++++++++Route IPv4 info++++++++++++++++++++++++++++
[   32.086610] cloud-init[1038]: ci-info: +-------+-------------+----------+---------------+-----------+-------+
[[0;32m  OK  [0m] Started Daily apt activities.
[   32.087322] cloud-init[1038]: ci-info: | Route | Destination | Gateway  |    Genmask    | Interface | Flags |
[   32.347720] cloud-init[1038]: ci-info: +-------+-------------+----------+---------------+-----------+-------+
[[0;32m  OK  [0m] Started Timer to automatically refresh installed snaps.
[[   32.348249] cloud-init[1038]: ci-info: |   0   |   0.0.0.0   | 10.0.2.2 |    0.0.0.0    |   enp0s3  |   UG  |
[   32.756860] cloud-init[1038]: ci-info: |   1   |   10.0.2.0  | 0.0.0.0  | 255.255.255.0 |   enp0s3  |   U   |
[0;32m  OK  [0m] Reached target Timers.
[   32.757430] cloud-init[1038]: ci-info: +-------+-------------+----------+---------------+-----------+-------+
[   33.245353] cloud-init[1038]: Generating public/private rsa key pair.
[   33.245710] cloud-init[1038]: Your identification has been saved in /etc/ssh/ssh_host_rsa_key.
         Starting Socket activation for snappy daemon.
[   33.246028] cloud-init[1038]: Your public key has been saved in /etc/ssh/ssh_host_rsa_key.pub.
[   33.412273] cloud-init[1038]: The key fingerprint is:
[   33.412600] cloud-init[1038]: SHA256:YhDSEQnLI02TNr7ubV7iGyGuWe48n83p75P/obXEp/g root@ubuntu-xenial
         Starting LXD - unix socket.
[[   33.412962] cloud-init[1038]: The key's randomart image is:
[   33.545245] cloud-init[1038]: +---[RSA 2048]----+
[   33.545508] cloud-init[1038]: |  =+++           |
[   33.545827] cloud-init[1038]: | +++o.           |
[0;32m  OK  [0m] Started Trigger resolvconf update for networkd DNS.
[[   33.546187] cloud-init[1038]: |.o=..            |
[   33.761677] cloud-init[1038]: | ... .           |
[0;32m  OK  [0m] Reached target Paths.
[[   33.761874] cloud-init[1038]: |  ... o S        |
[   33.861764] cloud-init[1038]: | ... o .   .     |
[0;32m  OK  [0m] Listening on UUID daemon activation socket.
[   33.862919] cloud-init[1038]: | .o o .  .  = .  |
[   33.969591] cloud-init[1038]: | *oo.B .o  = =   |
[[0;32m  OK  [0m] Listening on D-Bus System Message Bus Socket.
[[   33.969752] cloud-init[1038]: |oo==Bo=ooo+oE    |
[   34.069876] cloud-init[1038]: +----[SHA256]-----+
[0;32m  OK  [0m] Listening on ACPID Listen Socket.
[[   34.070020] cloud-init[1038]: Generating public/private dsa key pair.
[   34.186492] cloud-init[1038]: Your identification has been saved in /etc/ssh/ssh_host_dsa_key.
[0;32m  OK  [0m] Reached target Network is Online.
[   34.186649] cloud-init[1038]: Your public key has been saved in /etc/ssh/ssh_host_dsa_key.pub.
[   34.368400] cloud-init[1038]: The key fingerprint is:
[   34.368701] cloud-init[1038]: SHA256:3GS8M5J7riSIPgumxpttgzXHtNwKKySy1nqyi4Rkrjc root@ubuntu-xenial
         Starting iSCSI initiator daemon (iscsid)...
[   34.369612] cloud-init[1038]: The key's randomart image is:
[   34.517131] cloud-init[1038]: +---[DSA 1024]----+
[[0;32m  OK  [0m] Reached target Cloud-config availability.
[   34.517323] cloud-init[1038]: |                 |
[   34.628861] cloud-init[1038]: |         .       |
[   34.629198] cloud-init[1038]: |          +      |
[[0;32m  OK  [0m] Listening on Socket activation for snappy daemon.
[   34.629390] cloud-init[1038]: |     . . = .     |
[   34.737329] cloud-init[1038]: | o  + o S =      |
[[0;32m  OK  [0m] Listening on LXD - unix socket.
[   34.737532] cloud-init[1038]: |B. = * . o o     |
[   34.880385] cloud-init[1038]: |B== * o o .      |
[   34.880768] cloud-init[1038]: |BXE* . o o       |
[[0;32m  OK  [0m] Reached target Sockets.
[   34.881004] cloud-init[1038]: |*B%=.   ...      |
[   35.037360] cloud-init[1038]: +----[SHA256]-----+
[[0;32m  OK  [0m] Reached target Basic System.
[   35.037515] cloud-init[1038]: Generating public/private ecdsa key pair.
[   35.196608] cloud-init[1038]: Your identification has been saved in /etc/ssh/ssh_host_ecdsa_key.
         Starting LSB: MD monitoring daemon...
[   35.197182] cloud-init[1038]: Your public key has been saved in /etc/ssh/ssh_host_ecdsa_key.pub.
[   35.337012] cloud-init[1038]: The key fingerprint is:
[   35.337420] cloud-init[1038]: SHA256:8RNSsSQH6JXLYrXcl969L0zG4GY+1V6ak8wniCh5790 root@ubuntu-xenial
[[0;32m  OK  [0m] Started Deferred execution scheduler.
[   35.337757] cloud-init[1038]: The key's randomart image is:
[   35.569085] cloud-init[1038]: +---[ECDSA 256]---+
[   35.569546] cloud-init[1038]: |       .oo=.     |
         Starting System Logging Service...
[   35.569727] cloud-init[1038]: |      . += .     |
[   35.688567] cloud-init[1038]: |     . =o+o  .   |
[   35.688864] cloud-init[1038]: |      + =+..+    |
[[0;32m  OK  [0m] Started ACPI event daemon.
[   35.689069] cloud-init[1038]: |     . .S o+ + o |
[   35.860495] cloud-init[1038]: |           .= * +|
[   35.860881] cloud-init[1038]: |       . . = O =o|
         Starting Apply the settings specified in cloud-config...
[   35.861202] cloud-init[1038]: |      o o ..+.@.o|
[   35.952395] cloud-init[1038]: |       o oo ..E=o|
[[0;32m  OK  [0m] Started D-Bus System Message Bus.
[   35.999486] cloud-init[1038]: +----[SHA256]-----+
         Starting LSB: Record successful boot for GRUB...
[   36.111365] cloud-init[1038]: Generating public/private ed25519 key pair.
[   36.152523] cloud-init[1038]: Your identification has been saved in /etc/ssh/ssh_host_ed25519_key.
         Starting LXD - container startup/shutdown...
[   36.235193] cloud-init[1038]: Your public key has been saved in /etc/ssh/ssh_host_ed25519_key.pub.
         Starting Login Service...
[   36.330963] cloud-init[1038]: The key fingerprint is:
[   36.355561] cloud-init[1038]: SHA256:NxMfYcXDfDH3OYMwTo5iUOOt96/V55ZIpuFAqU/Z+6w root@ubuntu-xenial
[   36.369953] cloud-init[1038]: The key's randomart image is:
[   36.370324] cloud-init[1038]: +--[ED25519 256]--+
[[0;32m  OK  [0m] Started Snappy daemon.
[   36.370569] cloud-init[1038]: |     ..o   +o=.oo|
         Starting /etc/rc.local Compatibility...
[   36.512216] cloud-init[1038]: |      o o =.o.* *|
         Starting Pollinate to seed the pseudo random number generator...
         Starting Auto import assertions from block devices...
[   36.560297] cloud-init[1038]: |       + ooo.. *.|
[[0;32m  OK  [0m] Started FUSE filesystem for LXC.
[[0;32m  OK  [0m] Started Regular background program processing daemon.
[   36.645219] cloud-init[1038]: |      . oo o .  o|
         Starting Accounts Service...
[[0;32m  OK  [0m[   36.747732] cloud-init[1038]: |       .S.* .    |
[   36.780446] cloud-init[1038]: |       ..=.= o.  |
[   36.780525] cloud-init[1038]: |        o o.*...o|
[   36.780563] cloud-init[1038]: |         . ++. oo|
[   36.781173] cloud-init[1038]: |           E++ ..|
[   36.781244] cloud-init[1038]: +----[SHA256]-----+
[   36.783843] cloud-init[1145]: Generating locales (this might take a while)...
] Started System Logging Service.
[[0;32m  OK  [0m] Started iSCSI initiator daemon (iscsid).
[[0;32m  OK  [0m] Started LXD - container startup/shutdown.
[[0;32m  OK  [0m] Started /etc/rc.local Compatibility.
[[0;32m  OK  [0m] Started Auto import assertions from block devices.
[[0;32m  OK  [0m] Started LSB: MD monitoring daemon.
[[0;32m  OK  [0m] Started LSB: Record successful boot for GRUB.
[[0;32m  OK  [0m] Started Login Service.
[[0;32m  OK  [0m] Started Pollinate to seed the pseudo random number generator.
         Starting OpenBSD Secure Shell server...
         Starting Authenticate and Authorize Users to Run Privileged Tasks...
         Starting Login to default iSCSI targets...
[[0;32m  OK  [0m] Started OpenBSD Secure Shell server.
[[0;32m  OK  [0m] Started Authenticate and Authorize Users to Run Privileged Tasks.
[[0;32m  OK  [0m] Started Accounts Service.
[[0;32m  OK  [0m] Started Login to default iSCSI targets.
[[0;32m  OK  [0m] Reached target Remote File Systems (Pre).
[[0;32m  OK  [0m[   37.508708] ] cloud-initReached target Remote File Systems.[1145]: 
  en_US.UTF-8... done
[   37.510199] cloud-init[1145]: Generation complete.
         Starting LSB: Set the CPU Frequency Scaling governor to "ondemand"...
         Starting LSB: daemon to balance interrupts for SMP systems...
         Starting LSB: automatic crash report generation...
         Starting LSB: VirtualBox Linux Additions...
         Starting Permit User Sessions...
[[0;32m  OK  [0m] Started Permit User Sessions.
[[0;32m  OK  [0m] Started LSB: Set the CPU Frequency Scaling governor to "ondemand".
         Stopping OpenBSD Secure Shell server...
         Starting Terminate Plymouth Boot Screen...
         Starting Hold until boot process finishes up...
[[0;32m  OK  [0m] Stopped OpenBSD Secure Shell server.
[[0;32m  OK  [0m] Started LSB: daemon to balance interrupts for SMP systems.
[[0;32m  OK  [0m] Started LSB: automatic crash report generation.
[[0;32m  OK  [0m] Started LSB: VirtualBox Linux Additions.
[[0;32m  OK  [0m] Started Terminate Plymouth Boot Screen.
[[0;32m  OK  [0m] Started Hold until boot process finishes up.
[[0;32m  OK  [0m] Started Getty on tty1.
         Starting Set console scheme...
[[0;32m  OK  [0m] Started Serial Getty on ttyS0.
[[0;32m  OK  [0m] Reached target Login Prompts.
         Starting OpenBSD Secure Shell server...
[[0;32m  OK  [0m] Started OpenBSD Secure Shell server.
[[0;32m  OK  [0m] Started Set console scheme.
[[0;32m  OK  [0m] Reached target Multi-User System.
[[0;32m  OK  [0m] Reached target Graphical Interface.
         Starting Update UTMP about System Runlevel Changes...
[[0;32m  OK  [0m] Started Update UTMP about System Runlevel Changes.
[   39.205854] cloud-init[1145]: Cloud-init v. 0.7.8 running 'modules:config' at Wed, 15 Feb 2017 09:28:29 +0000. Up 36.28 seconds.
[[0;32m  OK  [0m] Started Apply the settings specified in cloud-config.
         Starting Execute cloud user/final scripts...
ci-info: no authorized ssh keys fingerprints found for user ubuntu.
<14>Feb 15 09:28:33 ec2: 
<14>Feb 15 09:28:33 ec2: #############################################################
<14>Feb 15 09:28:33 ec2: -----BEGIN SSH HOST KEY FINGERPRINTS-----
<14>Feb 15 09:28:33 ec2: 1024 SHA256:3GS8M5J7riSIPgumxpttgzXHtNwKKySy1nqyi4Rkrjc root@ubuntu-xenial (DSA)
<14>Feb 15 09:28:33 ec2: 256 SHA256:8RNSsSQH6JXLYrXcl969L0zG4GY+1V6ak8wniCh5790 root@ubuntu-xenial (ECDSA)
<14>Feb 15 09:28:33 ec2: 256 SHA256:NxMfYcXDfDH3OYMwTo5iUOOt96/V55ZIpuFAqU/Z+6w root@ubuntu-xenial (ED25519)
<14>Feb 15 09:28:33 ec2: 2048 SHA256:YhDSEQnLI02TNr7ubV7iGyGuWe48n83p75P/obXEp/g root@ubuntu-xenial (RSA)
<14>Feb 15 09:28:33 ec2: -----END SSH HOST KEY FINGERPRINTS-----
<14>Feb 15 09:28:33 ec2: #############################################################
-----BEGIN SSH HOST KEY KEYS-----
ecdsa-sha2-nistp256 AAAAE2VjZHNhLXNoYTItbmlzdHAyNTYAAAAIbmlzdHAyNTYAAABBBK1UB8wYF704Wq8y2W283rvrdOkPyaL3adG6GqMzILWR5HFalBKykXfbRQe1y+rZ09QW2IzoN/Kxl1G+UQBIfbg= root@ubuntu-xenial
ssh-ed25519 AAAAC3NzaC1lZDI1NTE5AAAAIMoQyroRtl6kn6aLwkWAFOvaRRdqZv9bZRnkat0EUvHo root@ubuntu-xenial
ssh-rsa AAAAB3NzaC1yc2EAAAADAQABAAABAQCvC8eGXfslSoqDY3PvvUK/cnCGk//ESAq6vb3UfyIVGjKG4cYVJplnJKPoLIiI5RI+8QUcV+go81zW0GYMj0YIoa2ASWNP3tPzsPBtkOhZtKqjgEDvFJjpuz9t0gxANXBbfF5+bnEfor9z91b3KvFlNYmG/u985Q/yTEj7NK3w6W8jX993lX8E8tm2A+fBjnvZWYpaZvg4taPJ9exvs50GcbxrVxjwIZkO6sgE26cfP8BJKNbl2AAP5+A5pZhZoXy1MCiCR+Hinm4UhR64PEqONO1XMJCFeNT7zpRsL8tmk+LB1iDEkTE267DZoUTZLh0SsRJpx2BkQB2S4zM8a+b/ root@ubuntu-xenial
-----END SSH HOST KEY KEYS-----
[   40.901698] cloud-init[1403]: Cloud-init v. 0.7.8 running 'modules:final' at Wed, 15 Feb 2017 09:28:33 +0000. Up 40.03 seconds.
[   40.947541] cloud-init[1403]: ci-info: no authorized ssh keys fingerprints found for user ubuntu.
[   40.965299] cloud-init[1403]: Cloud-init v. 0.7.8 finished at Wed, 15 Feb 2017 09:28:34 +0000. Datasource DataSourceNoCloud [seed=/dev/sdb][dsmode=net].  Up 40.88 seconds
[[0;32m  OK  [0m] Started Execute cloud user/final scripts.
[[0;32m  OK  [0m] Reached target Cloud-init target.

Ubuntu 16.04.2 LTS ubuntu-xenial ttyS0

ubuntu-xenial login: 